Using pre-set license
Built from '2020.3/staging' branch; Version is '2020.3.4f1 (0abb6314276a) revision 703331'; Using compiler version '192528614'; Build Type 'Release'
OS: 'Windows 10 Home; OS build 19042.928; Version 2009; 64bit' Language: 'en' Physical Memory: 16234 MB
BatchMode: 1, IsHumanControllingUs: 0, StartBugReporterOnCrash: 0, Is64bit: 1, IsPro: 0

 COMMAND LINE ARGUMENTS:
C:\Program Files\Unity\Hub\Editor\2020.3.4f1\Editor\Unity.exe
-adb2
-batchMode
-noUpm
-name
AssetImportWorker0
-projectPath
C:/Users/cedri/Desktop/University/Year 2/AI/coursework/AI dog
-logFile
Logs/AssetImportWorker0.log
-srvPort
62247
Successfully changed project path to: C:/Users/cedri/Desktop/University/Year 2/AI/coursework/AI dog
C:/Users/cedri/Desktop/University/Year 2/AI/coursework/AI dog
Using Asset Import Pipeline V2.
Refreshing native plugins compatible for Editor in 31.81 ms, found 1 plugins.
Preloading 0 native plugins for Editor in 0.00 ms.
Initialize engine version: 2020.3.4f1 (0abb6314276a)
[Subsystems] Discovering subsystems at path C:/Program Files/Unity/Hub/Editor/2020.3.4f1/Editor/Data/Resources/UnitySubsystems
[Subsystems] Discovering subsystems at path C:/Users/cedri/Desktop/University/Year 2/AI/coursework/AI dog/Assets
GfxDevice: creating device client; threaded=0
Direct3D:
    Version:  Direct3D 11.0 [level 11.1]
    Renderer: NVIDIA GeForce GTX 1060 (ID=0x1c20)
    Vendor:   
    VRAM:     6052 MB
    Driver:   27.21.14.6627
Initialize mono
Mono path[0] = 'C:/Program Files/Unity/Hub/Editor/2020.3.4f1/Editor/Data/Managed'
Mono path[1] = 'C:/Program Files/Unity/Hub/Editor/2020.3.4f1/Editor/Data/MonoBleedingEdge/lib/mono/unityjit'
Mono config path = 'C:/Program Files/Unity/Hub/Editor/2020.3.4f1/Editor/Data/MonoBleedingEdge/etc'
Using monoOptions --debugger-agent=transport=dt_socket,embedding=1,server=y,suspend=n,address=127.0.0.1:56176
Begin MonoManager ReloadAssembly
Registering precompiled unity dll's ...
Register platform support module: C:/Program Files/Unity/Hub/Editor/2020.3.4f1/Editor/Data/PlaybackEngines/WindowsStandaloneSupport/UnityEditor.WindowsStandalone.Extensions.dll
Registered in 0.002149 seconds.
Native extension for WindowsStandalone target not found
Refreshing native plugins compatible for Editor in 27.55 ms, found 1 plugins.
Preloading 0 native plugins for Editor in 0.00 ms.
Mono: successfully reloaded assembly
- Completed reload, in  1.127 seconds
Platform modules already initialized, skipping
Registering precompiled user dll's ...
Registered in 0.004051 seconds.
Begin MonoManager ReloadAssembly
Native extension for WindowsStandalone target not found
Refreshing native plugins compatible for Editor in 28.15 ms, found 1 plugins.
Preloading 0 native plugins for Editor in 0.00 ms.
Mono: successfully reloaded assembly
- Completed reload, in  1.442 seconds
Platform modules already initialized, skipping
========================================================================
Worker process is ready to serve import requests
Launched and connected shader compiler UnityShaderCompiler.exe after 0.04 seconds
Refreshing native plugins compatible for Editor in 0.33 ms, found 1 plugins.
Preloading 0 native plugins for Editor in 0.00 ms.
Unloading 1579 Unused Serialized files (Serialized files now loaded: 0)
System memory in use before: 90.2 MB.
System memory in use after: 90.3 MB.

Unloading 22 unused Assets to reduce memory usage. Loaded Objects now: 2023.
Total: 2.072500 ms (FindLiveObjects: 0.150600 ms CreateObjectMapping: 0.050800 ms MarkObjects: 1.802400 ms  DeleteObjects: 0.067400 ms)

========================================================================
Received Import Request.
  path: Assets/Scripts/DogAgentV2.cs
  artifactKey: Guid(91ebb7207d422c341920f9894c6e6c3f) Importer(815301076,1909f56bfc062723c751e8b465ee728b)
Start importing Assets/Scripts/DogAgentV2.cs using Guid(91ebb7207d422c341920f9894c6e6c3f) Importer(815301076,1909f56bfc062723c751e8b465ee728b)  -> (artifact id: 'a5872779f92666db7644e81b07091d2f') in 0.026119 seconds
  Import took 0.028915 seconds .

========================================================================
Received Import Request.
  Time since last request: 4372.013693 seconds.
  path: Assets/Prefabs/unity training.prefab
  artifactKey: Guid(f1cf1ece494c8c049b43be5c606fbe56) Importer(815301076,1909f56bfc062723c751e8b465ee728b)
Start importing Assets/Prefabs/unity training.prefab using Guid(f1cf1ece494c8c049b43be5c606fbe56) Importer(815301076,1909f56bfc062723c751e8b465ee728b)  -> (artifact id: '06b27282703a261f9a80cb70525c76c3') in 0.117954 seconds
  Import took 0.121283 seconds .

========================================================================
Received Import Request.
  Time since last request: 9.488013 seconds.
  path: Assets/Prefabs/unity training.prefab
  artifactKey: Guid(f1cf1ece494c8c049b43be5c606fbe56) Importer(815301076,1909f56bfc062723c751e8b465ee728b)
Start importing Assets/Prefabs/unity training.prefab using Guid(f1cf1ece494c8c049b43be5c606fbe56) Importer(815301076,1909f56bfc062723c751e8b465ee728b)  -> (artifact id: '9c711534b8ccd6c58151bcef63fb7dd4') in 0.018012 seconds
  Import took 0.020675 seconds .

========================================================================
Received Import Request.
  Time since last request: 1.739413 seconds.
  path: Assets/Prefabs/unity training.prefab
  artifactKey: Guid(f1cf1ece494c8c049b43be5c606fbe56) Importer(815301076,1909f56bfc062723c751e8b465ee728b)
Start importing Assets/Prefabs/unity training.prefab using Guid(f1cf1ece494c8c049b43be5c606fbe56) Importer(815301076,1909f56bfc062723c751e8b465ee728b)  -> (artifact id: '1c7ef062785402def58e1c01e7f8e3a7') in 0.020779 seconds
  Import took 0.034421 seconds .

========================================================================
Received Import Request.
  Time since last request: 1104.505363 seconds.
  path: Assets/Scripts/DogAgent.cs
  artifactKey: Guid(91ebb7207d422c341920f9894c6e6c3f) Importer(815301076,1909f56bfc062723c751e8b465ee728b)
Start importing Assets/Scripts/DogAgent.cs using Guid(91ebb7207d422c341920f9894c6e6c3f) Importer(815301076,1909f56bfc062723c751e8b465ee728b)  -> (artifact id: 'b1ae4a91c87b204a8fe7e0ad5213f3f9') in 0.007360 seconds
  Import took 0.010913 seconds .

========================================================================
Received Prepare
Registering precompiled user dll's ...
Registered in 0.003865 seconds.
Begin MonoManager ReloadAssembly
Native extension for WindowsStandalone target not found
Refreshing native plugins compatible for Editor in 0.32 ms, found 1 plugins.
Preloading 0 native plugins for Editor in 0.00 ms.
Mono: successfully reloaded assembly
- Completed reload, in  0.917 seconds
Platform modules already initialized, skipping
Refreshing native plugins compatible for Editor in 0.34 ms, found 1 plugins.
Preloading 0 native plugins for Editor in 0.00 ms.
Unloading 1574 Unused Serialized files (Serialized files now loaded: 0)
System memory in use before: 93.3 MB.
System memory in use after: 93.4 MB.

Unloading 17 unused Assets to reduce memory usage. Loaded Objects now: 2035.
Total: 2.407700 ms (FindLiveObjects: 0.138400 ms CreateObjectMapping: 0.135300 ms MarkObjects: 2.115800 ms  DeleteObjects: 0.017500 ms)

========================================================================
Received Import Request.
  Time since last request: 18.328397 seconds.
  path: Assets/Prefabs/unity training.prefab
  artifactKey: Guid(f1cf1ece494c8c049b43be5c606fbe56) Importer(815301076,1909f56bfc062723c751e8b465ee728b)
Start importing Assets/Prefabs/unity training.prefab using Guid(f1cf1ece494c8c049b43be5c606fbe56) Importer(815301076,1909f56bfc062723c751e8b465ee728b)  -> (artifact id: '42b45168d2556038f86637995a7f71fc') in 0.062850 seconds
  Import took 0.065762 seconds .

========================================================================
Received Import Request.
  Time since last request: 26.095083 seconds.
  path: Assets/3d models/dog/unity dog.prefab
  artifactKey: Guid(a40f64e7f9694c044ad2e22bc3ce4e2a) Importer(815301076,1909f56bfc062723c751e8b465ee728b)
Start importing Assets/3d models/dog/unity dog.prefab using Guid(a40f64e7f9694c044ad2e22bc3ce4e2a) Importer(815301076,1909f56bfc062723c751e8b465ee728b)  -> (artifact id: '0b0ec3fb26ca03a7dedbd267b5e40f29') in 0.019353 seconds
  Import took 0.022150 seconds .

========================================================================
Received Prepare
Registering precompiled user dll's ...
Registered in 0.003851 seconds.
Begin MonoManager ReloadAssembly
Native extension for WindowsStandalone target not found
Refreshing native plugins compatible for Editor in 0.33 ms, found 1 plugins.
Preloading 0 native plugins for Editor in 0.00 ms.
Mono: successfully reloaded assembly
- Completed reload, in  0.923 seconds
Platform modules already initialized, skipping
Refreshing native plugins compatible for Editor in 0.32 ms, found 1 plugins.
Preloading 0 native plugins for Editor in 0.00 ms.
Unloading 1574 Unused Serialized files (Serialized files now loaded: 0)
System memory in use before: 93.4 MB.
System memory in use after: 93.5 MB.

Unloading 17 unused Assets to reduce memory usage. Loaded Objects now: 2039.
Total: 2.508700 ms (FindLiveObjects: 0.217300 ms CreateObjectMapping: 0.074800 ms MarkObjects: 2.198600 ms  DeleteObjects: 0.017200 ms)

========================================================================
Received Prepare
Registering precompiled user dll's ...
Registered in 0.003564 seconds.
Begin MonoManager ReloadAssembly
Native extension for WindowsStandalone target not found
Refreshing native plugins compatible for Editor in 0.35 ms, found 1 plugins.
Preloading 0 native plugins for Editor in 0.00 ms.
Mono: successfully reloaded assembly
- Completed reload, in  0.896 seconds
Platform modules already initialized, skipping
Refreshing native plugins compatible for Editor in 0.37 ms, found 1 plugins.
Preloading 0 native plugins for Editor in 0.00 ms.
Unloading 1574 Unused Serialized files (Serialized files now loaded: 0)
System memory in use before: 93.4 MB.
System memory in use after: 93.5 MB.

Unloading 17 unused Assets to reduce memory usage. Loaded Objects now: 2042.
Total: 2.266900 ms (FindLiveObjects: 0.171700 ms CreateObjectMapping: 0.050400 ms MarkObjects: 2.028000 ms  DeleteObjects: 0.015900 ms)

========================================================================
Received Prepare
Registering precompiled user dll's ...
Registered in 0.003923 seconds.
Begin MonoManager ReloadAssembly
Native extension for WindowsStandalone target not found
Refreshing native plugins compatible for Editor in 0.32 ms, found 1 plugins.
Preloading 0 native plugins for Editor in 0.00 ms.
Mono: successfully reloaded assembly
- Completed reload, in  0.902 seconds
Platform modules already initialized, skipping
Refreshing native plugins compatible for Editor in 0.35 ms, found 1 plugins.
Preloading 0 native plugins for Editor in 0.00 ms.
Unloading 1574 Unused Serialized files (Serialized files now loaded: 0)
System memory in use before: 93.4 MB.
System memory in use after: 93.5 MB.

Unloading 17 unused Assets to reduce memory usage. Loaded Objects now: 2045.
Total: 2.046000 ms (FindLiveObjects: 0.173200 ms CreateObjectMapping: 0.062100 ms MarkObjects: 1.792200 ms  DeleteObjects: 0.017400 ms)

AssetImportWorkerClient::OnTransportError - code=2 error=End of file
